2023-03-10T10:34:53.6083165 401 : [{"timestamp":"2023-03-10T15:34:53.581+00:00","status":401,"error":"Unauthorized","message":"Full authentication is required to access this resource","path":"/accounts/balance"}]
2023-03-10T10:39:30.6023513 401 : [{"timestamp":"2023-03-10T15:39:30.570+00:00","status":401,"error":"Unauthorized","message":"Full authentication is required to access this resource","path":"/accounts/balance"}]
2023-03-10T10:43:10.5200806 401 : [{"timestamp":"2023-03-10T15:43:10.495+00:00","status":401,"error":"Unauthorized","message":"Full authentication is required to access this resource","path":"/accounts/balance"}]
2023-03-10T10:54:20.5642091 401 : [{"timestamp":"2023-03-10T15:54:20.536+00:00","status":401,"error":"Unauthorized","message":"Full authentication is required to access this resource","path":"/accounts/balance"}]
2023-03-10T10:59:53.6974482 401 : [{"timestamp":"2023-03-10T15:59:53.667+00:00","status":401,"error":"Unauthorized","message":"Full authentication is required to access this resource","path":"/accounts/balance"}]
2023-03-10T11:01:27.6943813 401 : [{"timestamp":"2023-03-10T16:01:27.693+00:00","status":401,"error":"Unauthorized","message":"Full authentication is required to access this resource","path":"/accounts/balance"}]
2023-03-10T11:08:08.9881512 401 : [{"timestamp":"2023-03-10T16:08:08.960+00:00","status":401,"error":"Unauthorized","message":"Full authentication is required to access this resource","path":"/accounts/balance"}]
2023-03-10T11:26:24.8910995 401 : [{"timestamp":"2023-03-10T16:26:05.150+00:00","status":401,"error":"Unauthorized","message":"Full authentication is required to access this resource","path":"/accounts/balance"}]
2023-03-10T11:27:30.3137047 401 : [{"timestamp":"2023-03-10T16:26:55.740+00:00","status":401,"error":"Unauthorized","message":"Full authentication is required to access this resource","path":"/accounts/balance"}]
2023-03-10T11:30:25.6928059 401 : [{"timestamp":"2023-03-10T16:30:25.688+00:00","status":401,"error":"Unauthorized","message":"Full authentication is required to access this resource","path":"/accounts/balance"}]
2023-03-10T11:45:00.5490129 404 : [{"timestamp":"2023-03-10T16:45:00.521+00:00","status":404,"error":"Not Found","message":"No message available","path":"/accounts"}]
2023-03-10T17:54:16.9483611 500 : [{"timestamp":"2023-03-10T22:54:16.924+00:00","status":500,"error":"Internal Server Error","message":"No message available","path":"/transfer"}]
2023-03-10T17:54:16.9774308 405 : [{"timestamp":"2023-03-10T22:54:16.973+00:00","status":405,"error":"Method Not Allowed","message":"Request method 'PUT' not supported","path":"/transfer"}]
2023-03-10T17:55:30.7884745 500 : [{"timestamp":"2023-03-10T22:55:30.786+00:00","status":500,"error":"Internal Server Error","message":"No message available","path":"/transfer"}]
2023-03-10T17:55:30.7999933 405 : [{"timestamp":"2023-03-10T22:55:30.798+00:00","status":405,"error":"Method Not Allowed","message":"Request method 'PUT' not supported","path":"/transfer"}]
2023-03-10T17:57:58.3606973 500 : [{"timestamp":"2023-03-10T22:57:58.358+00:00","status":500,"error":"Internal Server Error","message":"No message available","path":"/transfer"}]
2023-03-10T17:57:58.3722129 405 : [{"timestamp":"2023-03-10T22:57:58.370+00:00","status":405,"error":"Method Not Allowed","message":"Request method 'PUT' not supported","path":"/transfer"}]
2023-03-10T18:09:29.8660173 500 : [{"timestamp":"2023-03-10T23:09:29.850+00:00","status":500,"error":"Internal Server Error","message":"No message available","path":"/transfer"}]
2023-03-10T18:09:29.8865942 500 : [{"timestamp":"2023-03-10T23:09:29.885+00:00","status":500,"error":"Internal Server Error","message":"No message available","path":"/accounts/balance"}]
2023-03-10T18:20:06.457929 405 : [{"timestamp":"2023-03-10T23:20:06.443+00:00","status":405,"error":"Method Not Allowed","message":"Request method 'GET' not supported","path":"/transfer"}]
2023-03-10T18:21:57.0053191 500 : [{"timestamp":"2023-03-10T23:21:56.988+00:00","status":500,"error":"Internal Server Error","message":"Invalid column name; nested exception is java.sql.SQLException: Invalid column name","path":"/transfers"}]
2023-03-10T18:30:58.7706674 404 : [{"timestamp":"2023-03-10T23:30:58.750+00:00","status":404,"error":"Not Found","message":"No message available","path":"/transfer3004"}]
2023-03-10T18:31:34.2032251 404 : [{"timestamp":"2023-03-10T23:31:34.202+00:00","status":404,"error":"Not Found","message":"No message available","path":"/transfer3004"}]
2023-03-10T18:41:42.3222536 404 : [{"timestamp":"2023-03-10T23:41:42.304+00:00","status":404,"error":"Not Found","message":"No message available","path":"/transfer3005"}]
2023-03-10T18:52:24.7491583 404 : [{"timestamp":"2023-03-10T23:52:24.735+00:00","status":404,"error":"Not Found","message":"No message available","path":"/transfer3004"}]
2023-03-10T19:01:06.4592277 500 : [{"timestamp":"2023-03-11T00:01:06.448+00:00","status":500,"error":"Internal Server Error","message":"No message available","path":"/transfer"}]
2023-03-10T19:01:06.4871476 500 : [{"timestamp":"2023-03-11T00:01:06.484+00:00","status":500,"error":"Internal Server Error","message":"No message available","path":"/accounts/balance"}]
2023-03-10T19:01:34.0763445 500 : [{"timestamp":"2023-03-11T00:01:34.075+00:00","status":500,"error":"Internal Server Error","message":"No message available","path":"/transfer"}]
2023-03-10T19:01:34.0919342 500 : [{"timestamp":"2023-03-11T00:01:34.090+00:00","status":500,"error":"Internal Server Error","message":"No message available","path":"/accounts/balance"}]
2023-03-10T19:20:03.521838 500 : [{"timestamp":"2023-03-11T00:20:03.504+00:00","status":500,"error":"Internal Server Error","message":"No message available","path":"/transfer"}]
2023-03-10T19:20:03.5483805 500 : [{"timestamp":"2023-03-11T00:20:03.546+00:00","status":500,"error":"Internal Server Error","message":"No message available","path":"/accounts/balance"}]
2023-03-10T19:20:35.6295616 500 : [{"timestamp":"2023-03-11T00:20:35.627+00:00","status":500,"error":"Internal Server Error","message":"No message available","path":"/transfer"}]
2023-03-10T19:20:35.6516648 500 : [{"timestamp":"2023-03-11T00:20:35.649+00:00","status":500,"error":"Internal Server Error","message":"No message available","path":"/accounts/balance"}]
2023-03-10T19:20:53.7018483 401 : [no body]
2023-03-10T19:20:53.7133668 500 : [{"timestamp":"2023-03-11T00:20:53.711+00:00","status":500,"error":"Internal Server Error","message":"No message available","path":"/accounts/balance"}]
